{"/home/travis/build/zccz14/light/server.js":{"path":"/home/travis/build/zccz14/light/server.js","s":{"1":1,"2":1,"3":1,"4":1,"5":1,"6":1,"7":1,"8":1,"9":1,"10":1,"11":1,"12":1,"13":1,"14":1,"15":1,"16":1,"17":1,"18":1,"19":1},"b":{},"f":{},"fnMap":{},"statementMap":{"1":{"start":{"line":15,"column":0},"end":{"line":15,"column":35}},"2":{"start":{"line":16,"column":0},"end":{"line":16,"column":33}},"3":{"start":{"line":17,"column":0},"end":{"line":17,"column":42}},"4":{"start":{"line":18,"column":0},"end":{"line":18,"column":46}},"5":{"start":{"line":19,"column":0},"end":{"line":19,"column":43}},"6":{"start":{"line":20,"column":0},"end":{"line":20,"column":37}},"7":{"start":{"line":21,"column":0},"end":{"line":21,"column":29}},"8":{"start":{"line":22,"column":0},"end":{"line":22,"column":27}},"9":{"start":{"line":24,"column":0},"end":{"line":24,"column":42}},"10":{"start":{"line":26,"column":0},"end":{"line":26,"column":51}},"11":{"start":{"line":33,"column":0},"end":{"line":33,"column":25}},"12":{"start":{"line":36,"column":0},"end":{"line":39,"column":4}},"13":{"start":{"line":41,"column":0},"end":{"line":42,"column":40}},"14":{"start":{"line":43,"column":0},"end":{"line":43,"column":30}},"15":{"start":{"line":44,"column":0},"end":{"line":44,"column":55}},"16":{"start":{"line":45,"column":0},"end":{"line":45,"column":27}},"17":{"start":{"line":46,"column":0},"end":{"line":46,"column":50}},"18":{"start":{"line":48,"column":0},"end":{"line":48,"column":32}},"19":{"start":{"line":51,"column":0},"end":{"line":51,"column":24}}},"branchMap":{}},"/home/travis/build/zccz14/light/config.js":{"path":"/home/travis/build/zccz14/light/config.js","s":{"1":1,"2":4,"3":3,"4":1},"b":{"1":[1,1]},"f":{"1":4,"2":3},"fnMap":{"1":{"name":"(anonymous_1)","line":37,"loc":{"start":{"line":37,"column":13},"end":{"line":37,"column":38}}},"2":{"name":"(anonymous_2)","line":46,"loc":{"start":{"line":46,"column":14},"end":{"line":46,"column":58}}}},"statementMap":{"1":{"start":{"line":22,"column":0},"end":{"line":59,"column":2}},"2":{"start":{"line":40,"column":8},"end":{"line":43,"column":25}},"3":{"start":{"line":47,"column":8},"end":{"line":48,"column":28}},"4":{"start":{"line":62,"column":0},"end":{"line":62,"column":31}}},"branchMap":{"1":{"line":31,"type":"binary-expr","locations":[{"start":{"line":31,"column":27},"end":{"line":31,"column":51}},{"start":{"line":31,"column":55},"end":{"line":31,"column":72}}]}}},"/home/travis/build/zccz14/light/routes/index.js":{"path":"/home/travis/build/zccz14/light/routes/index.js","s":{"1":1,"2":1,"3":1,"4":1,"5":1,"6":1,"7":1},"b":{},"f":{},"fnMap":{},"statementMap":{"1":{"start":{"line":15,"column":0},"end":{"line":15,"column":43}},"2":{"start":{"line":17,"column":0},"end":{"line":17,"column":39}},"3":{"start":{"line":18,"column":0},"end":{"line":18,"column":41}},"4":{"start":{"line":19,"column":0},"end":{"line":19,"column":55}},"5":{"start":{"line":20,"column":0},"end":{"line":20,"column":45}},"6":{"start":{"line":21,"column":0},"end":{"line":21,"column":51}},"7":{"start":{"line":23,"column":0},"end":{"line":23,"column":24}}},"branchMap":{}},"/home/travis/build/zccz14/light/routes/user.js":{"path":"/home/travis/build/zccz14/light/routes/user.js","s":{"1":1,"2":1,"3":1,"4":1,"5":1,"6":1,"7":1,"8":1,"9":1,"10":1,"11":1},"b":{},"f":{},"fnMap":{},"statementMap":{"1":{"start":{"line":12,"column":0},"end":{"line":12,"column":47}},"2":{"start":{"line":14,"column":0},"end":{"line":14,"column":53}},"3":{"start":{"line":16,"column":0},"end":{"line":16,"column":52}},"4":{"start":{"line":18,"column":0},"end":{"line":18,"column":58}},"5":{"start":{"line":20,"column":0},"end":{"line":20,"column":59}},"6":{"start":{"line":22,"column":0},"end":{"line":22,"column":60}},"7":{"start":{"line":23,"column":0},"end":{"line":23,"column":66}},"8":{"start":{"line":25,"column":0},"end":{"line":25,"column":62}},"9":{"start":{"line":26,"column":0},"end":{"line":26,"column":65}},"10":{"start":{"line":28,"column":0},"end":{"line":28,"column":58}},"11":{"start":{"line":30,"column":0},"end":{"line":30,"column":28}}},"branchMap":{}},"/home/travis/build/zccz14/light/lib/user_retrieve.js":{"path":"/home/travis/build/zccz14/light/lib/user_retrieve.js","s":{"1":1,"2":1,"3":1,"4":1,"5":1,"6":1,"7":1,"8":1,"9":1,"10":1,"11":1,"12":1},"b":{},"f":{"1":1,"2":1},"fnMap":{"1":{"name":"UserRetrieve","line":34,"loc":{"start":{"line":34,"column":0},"end":{"line":34,"column":32}}},"2":{"name":"(anonymous_2)","line":35,"loc":{"start":{"line":35,"column":5},"end":{"line":35,"column":18}}}},"statementMap":{"1":{"start":{"line":8,"column":0},"end":{"line":8,"column":25}},"2":{"start":{"line":10,"column":0},"end":{"line":10,"column":36}},"3":{"start":{"line":12,"column":0},"end":{"line":12,"column":38}},"4":{"start":{"line":34,"column":0},"end":{"line":46,"column":1}},"5":{"start":{"line":35,"column":2},"end":{"line":45,"column":30}},"6":{"start":{"line":36,"column":4},"end":{"line":36,"column":48}},"7":{"start":{"line":37,"column":4},"end":{"line":37,"column":22}},"8":{"start":{"line":38,"column":4},"end":{"line":38,"column":28}},"9":{"start":{"line":39,"column":4},"end":{"line":39,"column":26}},"10":{"start":{"line":40,"column":4},"end":{"line":43,"column":55}},"11":{"start":{"line":44,"column":4},"end":{"line":44,"column":33}},"12":{"start":{"line":48,"column":0},"end":{"line":48,"column":30}}},"branchMap":{}},"/home/travis/build/zccz14/light/models/index.js":{"path":"/home/travis/build/zccz14/light/models/index.js","s":{"1":1,"2":1,"3":1,"4":1,"5":1,"6":1,"7":1,"8":1},"b":{},"f":{},"fnMap":{},"statementMap":{"1":{"start":{"line":12,"column":0},"end":{"line":12,"column":37}},"2":{"start":{"line":16,"column":0},"end":{"line":16,"column":64}},"3":{"start":{"line":20,"column":0},"end":{"line":20,"column":73}},"4":{"start":{"line":24,"column":0},"end":{"line":24,"column":87}},"5":{"start":{"line":28,"column":0},"end":{"line":28,"column":67}},"6":{"start":{"line":32,"column":0},"end":{"line":32,"column":82}},"7":{"start":{"line":34,"column":0},"end":{"line":34,"column":65}},"8":{"start":{"line":36,"column":0},"end":{"line":36,"column":24}}},"branchMap":{}},"/home/travis/build/zccz14/light/schemas/user.js":{"path":"/home/travis/build/zccz14/light/schemas/user.js","s":{"1":1,"2":1,"3":1,"4":1,"5":1,"6":13,"7":1},"b":{"1":[13,13]},"f":{"1":13},"fnMap":{"1":{"name":"(anonymous_1)","line":44,"loc":{"start":{"line":44,"column":17},"end":{"line":44,"column":30}}}},"statementMap":{"1":{"start":{"line":1,"column":0},"end":{"line":1,"column":37}},"2":{"start":{"line":2,"column":0},"end":{"line":2,"column":31}},"3":{"start":{"line":3,"column":0},"end":{"line":3,"column":35}},"4":{"start":{"line":5,"column":0},"end":{"line":5,"column":46}},"5":{"start":{"line":9,"column":0},"end":{"line":66,"column":3}},"6":{"start":{"line":44,"column":32},"end":{"line":44,"column":73}},"7":{"start":{"line":68,"column":0},"end":{"line":68,"column":28}}},"branchMap":{"1":{"line":44,"type":"binary-expr","locations":[{"start":{"line":44,"column":39},"end":{"line":44,"column":55}},{"start":{"line":44,"column":59},"end":{"line":44,"column":72}}]}}},"/home/travis/build/zccz14/light/schemas/user_role.js":{"path":"/home/travis/build/zccz14/light/schemas/user_role.js","s":{"1":1,"2":1,"3":1,"4":1},"b":{},"f":{},"fnMap":{},"statementMap":{"1":{"start":{"line":1,"column":0},"end":{"line":1,"column":37}},"2":{"start":{"line":2,"column":0},"end":{"line":2,"column":31}},"3":{"start":{"line":4,"column":0},"end":{"line":11,"column":3}},"4":{"start":{"line":13,"column":0},"end":{"line":13,"column":32}}},"branchMap":{}},"/home/travis/build/zccz14/light/schemas/problem.js":{"path":"/home/travis/build/zccz14/light/schemas/problem.js","s":{"1":1,"2":1,"3":1,"4":1},"b":{},"f":{},"fnMap":{},"statementMap":{"1":{"start":{"line":1,"column":0},"end":{"line":1,"column":37}},"2":{"start":{"line":2,"column":0},"end":{"line":2,"column":31}},"3":{"start":{"line":6,"column":0},"end":{"line":31,"column":3}},"4":{"start":{"line":33,"column":0},"end":{"line":33,"column":31}}},"branchMap":{}},"/home/travis/build/zccz14/light/schemas/problem_list.js":{"path":"/home/travis/build/zccz14/light/schemas/problem_list.js","s":{"1":1,"2":1,"3":1,"4":1},"b":{},"f":{},"fnMap":{},"statementMap":{"1":{"start":{"line":1,"column":0},"end":{"line":1,"column":37}},"2":{"start":{"line":2,"column":0},"end":{"line":2,"column":31}},"3":{"start":{"line":6,"column":0},"end":{"line":58,"column":3}},"4":{"start":{"line":60,"column":0},"end":{"line":60,"column":35}}},"branchMap":{}},"/home/travis/build/zccz14/light/schemas/group.js":{"path":"/home/travis/build/zccz14/light/schemas/group.js","s":{"1":1,"2":1,"3":1,"4":1,"5":1},"b":{},"f":{},"fnMap":{},"statementMap":{"1":{"start":{"line":1,"column":0},"end":{"line":1,"column":37}},"2":{"start":{"line":2,"column":0},"end":{"line":2,"column":31}},"3":{"start":{"line":4,"column":0},"end":{"line":4,"column":48}},"4":{"start":{"line":6,"column":0},"end":{"line":9,"column":3}},"5":{"start":{"line":11,"column":0},"end":{"line":11,"column":29}}},"branchMap":{}},"/home/travis/build/zccz14/light/schemas/group_role.js":{"path":"/home/travis/build/zccz14/light/schemas/group_role.js","s":{"1":1,"2":1,"3":1,"4":1},"b":{},"f":{},"fnMap":{},"statementMap":{"1":{"start":{"line":1,"column":0},"end":{"line":1,"column":37}},"2":{"start":{"line":2,"column":0},"end":{"line":2,"column":31}},"3":{"start":{"line":4,"column":0},"end":{"line":17,"column":3}},"4":{"start":{"line":19,"column":0},"end":{"line":19,"column":33}}},"branchMap":{}},"/home/travis/build/zccz14/light/schemas/submission.js":{"path":"/home/travis/build/zccz14/light/schemas/submission.js","s":{"1":1,"2":1,"3":1,"4":1},"b":{},"f":{},"fnMap":{},"statementMap":{"1":{"start":{"line":1,"column":0},"end":{"line":1,"column":37}},"2":{"start":{"line":2,"column":0},"end":{"line":2,"column":31}},"3":{"start":{"line":6,"column":0},"end":{"line":53,"column":3}},"4":{"start":{"line":55,"column":0},"end":{"line":55,"column":34}}},"branchMap":{}},"/home/travis/build/zccz14/light/lib/on_error.js":{"path":"/home/travis/build/zccz14/light/lib/on_error.js","s":{"1":1,"2":19,"3":12,"4":12,"5":12,"6":1,"7":1,"8":11,"9":11,"10":11,"11":11,"12":0,"13":0,"14":0,"15":0,"16":0,"17":0,"18":0,"19":12,"20":0,"21":0,"22":1},"b":{"1":[12,0],"2":[1,11],"3":[11,0],"4":[11,0],"5":[0,0],"6":[0,0],"7":[0,0],"8":[0,12]},"f":{},"fnMap":{},"statementMap":{"1":{"start":{"line":13,"column":0},"end":{"line":41,"column":2}},"2":{"start":{"line":13,"column":30},"end":{"line":41,"column":1}},"3":{"start":{"line":14,"column":2},"end":{"line":14,"column":24}},"4":{"start":{"line":16,"column":2},"end":{"line":35,"column":3}},"5":{"start":{"line":17,"column":4},"end":{"line":34,"column":5}},"6":{"start":{"line":18,"column":6},"end":{"line":18,"column":23}},"7":{"start":{"line":19,"column":6},"end":{"line":19,"column":70}},"8":{"start":{"line":20,"column":11},"end":{"line":34,"column":5}},"9":{"start":{"line":21,"column":6},"end":{"line":25,"column":7}},"10":{"start":{"line":22,"column":8},"end":{"line":22,"column":25}},"11":{"start":{"line":24,"column":8},"end":{"line":24,"column":72}},"12":{"start":{"line":26,"column":11},"end":{"line":34,"column":5}},"13":{"start":{"line":27,"column":6},"end":{"line":27,"column":23}},"14":{"start":{"line":28,"column":6},"end":{"line":28,"column":50}},"15":{"start":{"line":29,"column":11},"end":{"line":34,"column":5}},"16":{"start":{"line":30,"column":6},"end":{"line":33,"column":7}},"17":{"start":{"line":31,"column":8},"end":{"line":31,"column":42}},"18":{"start":{"line":32,"column":8},"end":{"line":32,"column":59}},"19":{"start":{"line":37,"column":2},"end":{"line":40,"column":3}},"20":{"start":{"line":38,"column":4},"end":{"line":38,"column":61}},"21":{"start":{"line":39,"column":4},"end":{"line":39,"column":42}},"22":{"start":{"line":43,"column":0},"end":{"line":43,"column":25}}},"branchMap":{"1":{"line":16,"type":"if","locations":[{"start":{"line":16,"column":2},"end":{"line":16,"column":2}},{"start":{"line":16,"column":2},"end":{"line":16,"column":2}}]},"2":{"line":17,"type":"if","locations":[{"start":{"line":17,"column":4},"end":{"line":17,"column":4}},{"start":{"line":17,"column":4},"end":{"line":17,"column":4}}]},"3":{"line":20,"type":"if","locations":[{"start":{"line":20,"column":11},"end":{"line":20,"column":11}},{"start":{"line":20,"column":11},"end":{"line":20,"column":11}}]},"4":{"line":21,"type":"if","locations":[{"start":{"line":21,"column":6},"end":{"line":21,"column":6}},{"start":{"line":21,"column":6},"end":{"line":21,"column":6}}]},"5":{"line":26,"type":"if","locations":[{"start":{"line":26,"column":11},"end":{"line":26,"column":11}},{"start":{"line":26,"column":11},"end":{"line":26,"column":11}}]},"6":{"line":29,"type":"if","locations":[{"start":{"line":29,"column":11},"end":{"line":29,"column":11}},{"start":{"line":29,"column":11},"end":{"line":29,"column":11}}]},"7":{"line":30,"type":"if","locations":[{"start":{"line":30,"column":6},"end":{"line":30,"column":6}},{"start":{"line":30,"column":6},"end":{"line":30,"column":6}}]},"8":{"line":37,"type":"if","locations":[{"start":{"line":37,"column":2},"end":{"line":37,"column":2}},{"start":{"line":37,"column":2},"end":{"line":37,"column":2}}]}}},"/home/travis/build/zccz14/light/lib/user_create.js":{"path":"/home/travis/build/zccz14/light/lib/user_create.js","s":{"1":1,"2":1,"3":1,"4":1,"5":1,"6":13,"7":13,"8":13,"9":13,"10":13,"11":13,"12":1,"13":1,"14":1,"15":1,"16":1},"b":{},"f":{"1":13,"2":13},"fnMap":{"1":{"name":"UserCreate","line":41,"loc":{"start":{"line":41,"column":0},"end":{"line":41,"column":30}}},"2":{"name":"(anonymous_2)","line":42,"loc":{"start":{"line":42,"column":5},"end":{"line":42,"column":18}}}},"statementMap":{"1":{"start":{"line":9,"column":0},"end":{"line":9,"column":25}},"2":{"start":{"line":11,"column":0},"end":{"line":11,"column":36}},"3":{"start":{"line":13,"column":0},"end":{"line":13,"column":38}},"4":{"start":{"line":14,"column":0},"end":{"line":14,"column":36}},"5":{"start":{"line":41,"column":0},"end":{"line":57,"column":1}},"6":{"start":{"line":42,"column":2},"end":{"line":56,"column":30}},"7":{"start":{"line":44,"column":4},"end":{"line":44,"column":62}},"8":{"start":{"line":45,"column":4},"end":{"line":45,"column":31}},"9":{"start":{"line":46,"column":4},"end":{"line":46,"column":25}},"10":{"start":{"line":48,"column":4},"end":{"line":48,"column":55}},"11":{"start":{"line":50,"column":4},"end":{"line":50,"column":29}},"12":{"start":{"line":51,"column":4},"end":{"line":51,"column":68}},"13":{"start":{"line":52,"column":4},"end":{"line":52,"column":29}},"14":{"start":{"line":53,"column":4},"end":{"line":53,"column":30}},"15":{"start":{"line":55,"column":4},"end":{"line":55,"column":32}},"16":{"start":{"line":59,"column":0},"end":{"line":59,"column":28}}},"branchMap":{}},"/home/travis/build/zccz14/light/lib/user_login.js":{"path":"/home/travis/build/zccz14/light/lib/user_login.js","s":{"1":1,"2":1,"3":1,"4":1,"5":1,"6":5,"7":5,"8":5,"9":5,"10":5,"11":3,"12":2,"13":2,"14":2,"15":1,"16":2,"17":1},"b":{"1":[3,2],"2":[2,1]},"f":{"1":5,"2":5},"fnMap":{"1":{"name":"UserLogin","line":36,"loc":{"start":{"line":36,"column":0},"end":{"line":36,"column":29}}},"2":{"name":"(anonymous_2)","line":37,"loc":{"start":{"line":37,"column":5},"end":{"line":37,"column":18}}}},"statementMap":{"1":{"start":{"line":9,"column":0},"end":{"line":9,"column":25}},"2":{"start":{"line":11,"column":0},"end":{"line":11,"column":36}},"3":{"start":{"line":13,"column":0},"end":{"line":13,"column":38}},"4":{"start":{"line":14,"column":0},"end":{"line":14,"column":43}},"5":{"start":{"line":36,"column":0},"end":{"line":53,"column":1}},"6":{"start":{"line":37,"column":2},"end":{"line":52,"column":30}},"7":{"start":{"line":38,"column":4},"end":{"line":38,"column":50}},"8":{"start":{"line":39,"column":4},"end":{"line":39,"column":31}},"9":{"start":{"line":40,"column":4},"end":{"line":40,"column":55}},"10":{"start":{"line":41,"column":4},"end":{"line":51,"column":5}},"11":{"start":{"line":42,"column":6},"end":{"line":48,"column":7}},"12":{"start":{"line":43,"column":8},"end":{"line":43,"column":34}},"13":{"start":{"line":44,"column":8},"end":{"line":44,"column":32}},"14":{"start":{"line":45,"column":8},"end":{"line":45,"column":36}},"15":{"start":{"line":47,"column":8},"end":{"line":47,"column":65}},"16":{"start":{"line":50,"column":6},"end":{"line":50,"column":52}},"17":{"start":{"line":55,"column":0},"end":{"line":55,"column":27}}},"branchMap":{"1":{"line":41,"type":"if","locations":[{"start":{"line":41,"column":4},"end":{"line":41,"column":4}},{"start":{"line":41,"column":4},"end":{"line":41,"column":4}}]},"2":{"line":42,"type":"if","locations":[{"start":{"line":42,"column":6},"end":{"line":42,"column":6}},{"start":{"line":42,"column":6},"end":{"line":42,"column":6}}]}}},"/home/travis/build/zccz14/light/lib/user_logout.js":{"path":"/home/travis/build/zccz14/light/lib/user_logout.js","s":{"1":1,"2":1,"3":1,"4":0,"5":1,"6":1},"b":{"1":[0,1]},"f":{"1":1,"2":1},"fnMap":{"1":{"name":"UserLogout","line":24,"loc":{"start":{"line":24,"column":0},"end":{"line":24,"column":30}}},"2":{"name":"(anonymous_2)","line":25,"loc":{"start":{"line":25,"column":22},"end":{"line":25,"column":36}}}},"statementMap":{"1":{"start":{"line":24,"column":0},"end":{"line":29,"column":1}},"2":{"start":{"line":25,"column":2},"end":{"line":28,"column":5}},"3":{"start":{"line":26,"column":4},"end":{"line":26,"column":23}},"4":{"start":{"line":26,"column":13},"end":{"line":26,"column":23}},"5":{"start":{"line":27,"column":4},"end":{"line":27,"column":24}},"6":{"start":{"line":31,"column":0},"end":{"line":31,"column":28}}},"branchMap":{"1":{"line":26,"type":"if","locations":[{"start":{"line":26,"column":4},"end":{"line":26,"column":4}},{"start":{"line":26,"column":4},"end":{"line":26,"column":4}}]}}},"/home/travis/build/zccz14/light/lib/require_login.js":{"path":"/home/travis/build/zccz14/light/lib/require_login.js","s":{"1":1,"2":1,"3":0,"4":0,"5":0,"6":1},"b":{"1":[0,0]},"f":{"1":0},"fnMap":{"1":{"name":"RequireLogin","line":6,"loc":{"start":{"line":6,"column":0},"end":{"line":6,"column":38}}}},"statementMap":{"1":{"start":{"line":1,"column":0},"end":{"line":4,"column":2}},"2":{"start":{"line":6,"column":0},"end":{"line":12,"column":1}},"3":{"start":{"line":7,"column":2},"end":{"line":11,"column":3}},"4":{"start":{"line":8,"column":4},"end":{"line":8,"column":11}},"5":{"start":{"line":10,"column":4},"end":{"line":10,"column":23}},"6":{"start":{"line":14,"column":0},"end":{"line":14,"column":30}}},"branchMap":{"1":{"line":7,"type":"if","locations":[{"start":{"line":7,"column":2},"end":{"line":7,"column":2}},{"start":{"line":7,"column":2},"end":{"line":7,"column":2}}]}}},"/home/travis/build/zccz14/light/lib/user_profile_detail.js":{"path":"/home/travis/build/zccz14/light/lib/user_profile_detail.js","s":{"1":1,"2":1,"3":1,"4":1,"5":0,"6":0,"7":0,"8":0,"9":1},"b":{},"f":{"1":0,"2":0},"fnMap":{"1":{"name":"UserProfileDetail","line":33,"loc":{"start":{"line":33,"column":0},"end":{"line":33,"column":37}}},"2":{"name":"(anonymous_2)","line":34,"loc":{"start":{"line":34,"column":5},"end":{"line":34,"column":18}}}},"statementMap":{"1":{"start":{"line":8,"column":0},"end":{"line":8,"column":25}},"2":{"start":{"line":10,"column":0},"end":{"line":10,"column":36}},"3":{"start":{"line":12,"column":0},"end":{"line":12,"column":38}},"4":{"start":{"line":33,"column":0},"end":{"line":39,"column":1}},"5":{"start":{"line":34,"column":2},"end":{"line":38,"column":30}},"6":{"start":{"line":35,"column":4},"end":{"line":35,"column":29}},"7":{"start":{"line":36,"column":4},"end":{"line":36,"column":48}},"8":{"start":{"line":37,"column":4},"end":{"line":37,"column":32}},"9":{"start":{"line":41,"column":0},"end":{"line":41,"column":35}}},"branchMap":{}},"/home/travis/build/zccz14/light/lib/user_role_update.js":{"path":"/home/travis/build/zccz14/light/lib/user_role_update.js","s":{"1":1,"2":1,"3":1,"4":1,"5":1,"6":0,"7":0,"8":0,"9":0,"10":0,"11":1},"b":{"1":[0,0]},"f":{"1":0,"2":0},"fnMap":{"1":{"name":"UserRoleUpdate","line":8,"loc":{"start":{"line":8,"column":0},"end":{"line":8,"column":34}}},"2":{"name":"(anonymous_2)","line":9,"loc":{"start":{"line":9,"column":5},"end":{"line":9,"column":18}}}},"statementMap":{"1":{"start":{"line":1,"column":0},"end":{"line":1,"column":25}},"2":{"start":{"line":2,"column":0},"end":{"line":2,"column":52}},"3":{"start":{"line":4,"column":0},"end":{"line":4,"column":36}},"4":{"start":{"line":6,"column":0},"end":{"line":6,"column":38}},"5":{"start":{"line":8,"column":0},"end":{"line":22,"column":1}},"6":{"start":{"line":9,"column":2},"end":{"line":21,"column":30}},"7":{"start":{"line":10,"column":4},"end":{"line":10,"column":32}},"8":{"start":{"line":11,"column":4},"end":{"line":18,"column":14}},"9":{"start":{"line":19,"column":4},"end":{"line":19,"column":28}},"10":{"start":{"line":20,"column":4},"end":{"line":20,"column":32}},"11":{"start":{"line":24,"column":0},"end":{"line":24,"column":32}}},"branchMap":{"1":{"line":16,"type":"binary-expr","locations":[{"start":{"line":16,"column":25},"end":{"line":16,"column":38}},{"start":{"line":16,"column":42},"end":{"line":16,"column":44}}]}}},"/home/travis/build/zccz14/light/lib/user_detail.js":{"path":"/home/travis/build/zccz14/light/lib/user_detail.js","s":{"1":1,"2":1,"3":1,"4":1,"5":0,"6":0,"7":0,"8":0,"9":0,"10":0,"11":0,"12":1},"b":{"1":[0,0]},"f":{"1":0,"2":0},"fnMap":{"1":{"name":"UserDetail","line":37,"loc":{"start":{"line":37,"column":0},"end":{"line":37,"column":30}}},"2":{"name":"(anonymous_2)","line":38,"loc":{"start":{"line":38,"column":5},"end":{"line":38,"column":18}}}},"statementMap":{"1":{"start":{"line":9,"column":0},"end":{"line":9,"column":25}},"2":{"start":{"line":11,"column":0},"end":{"line":11,"column":36}},"3":{"start":{"line":13,"column":0},"end":{"line":13,"column":38}},"4":{"start":{"line":37,"column":0},"end":{"line":47,"column":1}},"5":{"start":{"line":38,"column":2},"end":{"line":46,"column":30}},"6":{"start":{"line":39,"column":4},"end":{"line":39,"column":30}},"7":{"start":{"line":40,"column":4},"end":{"line":40,"column":77}},"8":{"start":{"line":41,"column":4},"end":{"line":44,"column":5}},"9":{"start":{"line":42,"column":6},"end":{"line":42,"column":64}},"10":{"start":{"line":43,"column":6},"end":{"line":43,"column":13}},"11":{"start":{"line":45,"column":4},"end":{"line":45,"column":32}},"12":{"start":{"line":49,"column":0},"end":{"line":49,"column":28}}},"branchMap":{"1":{"line":41,"type":"if","locations":[{"start":{"line":41,"column":4},"end":{"line":41,"column":4}},{"start":{"line":41,"column":4},"end":{"line":41,"column":4}}]}}},"/home/travis/build/zccz14/light/routes/group.js":{"path":"/home/travis/build/zccz14/light/routes/group.js","s":{"1":1,"2":1,"3":1,"4":1,"5":1,"6":1,"7":1},"b":{},"f":{},"fnMap":{},"statementMap":{"1":{"start":{"line":9,"column":0},"end":{"line":9,"column":48}},"2":{"start":{"line":11,"column":0},"end":{"line":11,"column":49}},"3":{"start":{"line":13,"column":0},"end":{"line":13,"column":59}},"4":{"start":{"line":15,"column":0},"end":{"line":15,"column":62}},"5":{"start":{"line":17,"column":0},"end":{"line":17,"column":70}},"6":{"start":{"line":19,"column":0},"end":{"line":19,"column":70}},"7":{"start":{"line":21,"column":0},"end":{"line":21,"column":29}}},"branchMap":{}},"/home/travis/build/zccz14/light/lib/user_group_create.js":{"path":"/home/travis/build/zccz14/light/lib/user_group_create.js","s":{"1":1,"2":1,"3":1,"4":1,"5":0,"6":0,"7":0,"8":0,"9":0,"10":0,"11":0,"12":0,"13":0,"14":1},"b":{},"f":{"1":0,"2":0},"fnMap":{"1":{"name":"UserGroupCreate","line":8,"loc":{"start":{"line":8,"column":0},"end":{"line":8,"column":35}}},"2":{"name":"(anonymous_2)","line":9,"loc":{"start":{"line":9,"column":5},"end":{"line":9,"column":18}}}},"statementMap":{"1":{"start":{"line":2,"column":0},"end":{"line":2,"column":25}},"2":{"start":{"line":4,"column":0},"end":{"line":4,"column":43}},"3":{"start":{"line":6,"column":0},"end":{"line":6,"column":38}},"4":{"start":{"line":8,"column":0},"end":{"line":30,"column":1}},"5":{"start":{"line":9,"column":2},"end":{"line":29,"column":30}},"6":{"start":{"line":10,"column":4},"end":{"line":10,"column":29}},"7":{"start":{"line":11,"column":4},"end":{"line":11,"column":31}},"8":{"start":{"line":12,"column":4},"end":{"line":12,"column":23}},"9":{"start":{"line":13,"column":4},"end":{"line":16,"column":7}},"10":{"start":{"line":17,"column":4},"end":{"line":17,"column":31}},"11":{"start":{"line":18,"column":4},"end":{"line":26,"column":14}},"12":{"start":{"line":27,"column":4},"end":{"line":27,"column":28}},"13":{"start":{"line":28,"column":4},"end":{"line":28,"column":33}},"14":{"start":{"line":32,"column":0},"end":{"line":32,"column":33}}},"branchMap":{}},"/home/travis/build/zccz14/light/lib/user_group_update.js":{"path":"/home/travis/build/zccz14/light/lib/user_group_update.js","s":{"1":1,"2":1,"3":1,"4":1,"5":1,"6":0,"7":0,"8":0,"9":0,"10":0,"11":0,"12":0,"13":0,"14":1},"b":{"1":[0,0],"2":[0,0]},"f":{"1":0,"2":0},"fnMap":{"1":{"name":"UserGroupUpdate","line":8,"loc":{"start":{"line":8,"column":0},"end":{"line":8,"column":35}}},"2":{"name":"(anonymous_2)","line":9,"loc":{"start":{"line":9,"column":5},"end":{"line":9,"column":18}}}},"statementMap":{"1":{"start":{"line":1,"column":0},"end":{"line":1,"column":25}},"2":{"start":{"line":2,"column":0},"end":{"line":2,"column":52}},"3":{"start":{"line":4,"column":0},"end":{"line":4,"column":37}},"4":{"start":{"line":6,"column":0},"end":{"line":6,"column":38}},"5":{"start":{"line":8,"column":0},"end":{"line":24,"column":1}},"6":{"start":{"line":9,"column":2},"end":{"line":23,"column":30}},"7":{"start":{"line":10,"column":4},"end":{"line":10,"column":32}},"8":{"start":{"line":11,"column":4},"end":{"line":11,"column":33}},"9":{"start":{"line":12,"column":4},"end":{"line":12,"column":47}},"10":{"start":{"line":13,"column":4},"end":{"line":17,"column":45}},"11":{"start":{"line":18,"column":4},"end":{"line":22,"column":5}},"12":{"start":{"line":19,"column":6},"end":{"line":19,"column":28}},"13":{"start":{"line":21,"column":6},"end":{"line":21,"column":29}},"14":{"start":{"line":26,"column":0},"end":{"line":26,"column":33}}},"branchMap":{"1":{"line":12,"type":"binary-expr","locations":[{"start":{"line":12,"column":19},"end":{"line":12,"column":32}},{"start":{"line":12,"column":36},"end":{"line":12,"column":38}}]},"2":{"line":18,"type":"if","locations":[{"start":{"line":18,"column":4},"end":{"line":18,"column":4}},{"start":{"line":18,"column":4},"end":{"line":18,"column":4}}]}}},"/home/travis/build/zccz14/light/lib/user_group_invite.js":{"path":"/home/travis/build/zccz14/light/lib/user_group_invite.js","s":{"1":1,"2":1,"3":1,"4":1,"5":0,"6":0,"7":0,"8":0,"9":0,"10":0,"11":0,"12":0,"13":0,"14":0,"15":0,"16":0,"17":0,"18":0,"19":0,"20":0,"21":0,"22":0,"23":0,"24":0,"25":0,"26":0,"27":0,"28":1},"b":{"1":[0,0],"2":[0,0],"3":[0,0],"4":[0,0]},"f":{"1":0,"2":0},"fnMap":{"1":{"name":"UserGroupUpdate","line":7,"loc":{"start":{"line":7,"column":0},"end":{"line":7,"column":35}}},"2":{"name":"(anonymous_2)","line":8,"loc":{"start":{"line":8,"column":5},"end":{"line":8,"column":18}}}},"statementMap":{"1":{"start":{"line":1,"column":0},"end":{"line":1,"column":25}},"2":{"start":{"line":3,"column":0},"end":{"line":3,"column":43}},"3":{"start":{"line":5,"column":0},"end":{"line":5,"column":38}},"4":{"start":{"line":7,"column":0},"end":{"line":34,"column":1}},"5":{"start":{"line":8,"column":2},"end":{"line":33,"column":30}},"6":{"start":{"line":9,"column":4},"end":{"line":9,"column":29}},"7":{"start":{"line":10,"column":4},"end":{"line":10,"column":31}},"8":{"start":{"line":11,"column":4},"end":{"line":11,"column":56}},"9":{"start":{"line":12,"column":4},"end":{"line":15,"column":5}},"10":{"start":{"line":13,"column":6},"end":{"line":13,"column":29}},"11":{"start":{"line":14,"column":6},"end":{"line":14,"column":13}},"12":{"start":{"line":16,"column":4},"end":{"line":19,"column":5}},"13":{"start":{"line":16,"column":36},"end":{"line":16,"column":90}},"14":{"start":{"line":17,"column":6},"end":{"line":17,"column":28}},"15":{"start":{"line":18,"column":6},"end":{"line":18,"column":13}},"16":{"start":{"line":20,"column":4},"end":{"line":20,"column":26}},"17":{"start":{"line":21,"column":4},"end":{"line":21,"column":35}},"18":{"start":{"line":22,"column":4},"end":{"line":22,"column":35}},"19":{"start":{"line":23,"column":4},"end":{"line":23,"column":64}},"20":{"start":{"line":23,"column":34},"end":{"line":23,"column":62}},"21":{"start":{"line":24,"column":4},"end":{"line":24,"column":58}},"22":{"start":{"line":24,"column":34},"end":{"line":24,"column":56}},"23":{"start":{"line":25,"column":4},"end":{"line":25,"column":111}},"24":{"start":{"line":25,"column":42},"end":{"line":25,"column":109}},"25":{"start":{"line":26,"column":4},"end":{"line":31,"column":7}},"26":{"start":{"line":27,"column":6},"end":{"line":30,"column":8}},"27":{"start":{"line":32,"column":4},"end":{"line":32,"column":34}},"28":{"start":{"line":36,"column":0},"end":{"line":36,"column":33}}},"branchMap":{"1":{"line":12,"type":"if","locations":[{"start":{"line":12,"column":4},"end":{"line":12,"column":4}},{"start":{"line":12,"column":4},"end":{"line":12,"column":4}}]},"2":{"line":16,"type":"if","locations":[{"start":{"line":16,"column":4},"end":{"line":16,"column":4}},{"start":{"line":16,"column":4},"end":{"line":16,"column":4}}]},"3":{"line":16,"type":"binary-expr","locations":[{"start":{"line":16,"column":36},"end":{"line":16,"column":68}},{"start":{"line":16,"column":72},"end":{"line":16,"column":90}}]},"4":{"line":29,"type":"cond-expr","locations":[{"start":{"line":29,"column":36},"end":{"line":29,"column":42}},{"start":{"line":29,"column":45},"end":{"line":29,"column":56}}]}}},"/home/travis/build/zccz14/light/lib/user_group_accept.js":{"path":"/home/travis/build/zccz14/light/lib/user_group_accept.js","s":{"1":1,"2":1,"3":1,"4":1,"5":1,"6":0,"7":0,"8":0,"9":0,"10":0,"11":0,"12":0,"13":0,"14":0,"15":0,"16":0,"17":1},"b":{"1":[0,0]},"f":{"1":0,"2":0},"fnMap":{"1":{"name":"UserGroupUpdate","line":8,"loc":{"start":{"line":8,"column":0},"end":{"line":8,"column":35}}},"2":{"name":"(anonymous_2)","line":9,"loc":{"start":{"line":9,"column":5},"end":{"line":9,"column":18}}}},"statementMap":{"1":{"start":{"line":1,"column":0},"end":{"line":1,"column":25}},"2":{"start":{"line":2,"column":0},"end":{"line":2,"column":52}},"3":{"start":{"line":4,"column":0},"end":{"line":4,"column":43}},"4":{"start":{"line":6,"column":0},"end":{"line":6,"column":38}},"5":{"start":{"line":8,"column":0},"end":{"line":43,"column":1}},"6":{"start":{"line":9,"column":2},"end":{"line":42,"column":30}},"7":{"start":{"line":10,"column":4},"end":{"line":10,"column":32}},"8":{"start":{"line":11,"column":4},"end":{"line":11,"column":33}},"9":{"start":{"line":14,"column":4},"end":{"line":17,"column":5}},"10":{"start":{"line":14,"column":34},"end":{"line":14,"column":47}},"11":{"start":{"line":15,"column":6},"end":{"line":15,"column":28}},"12":{"start":{"line":16,"column":6},"end":{"line":16,"column":13}},"13":{"start":{"line":19,"column":4},"end":{"line":19,"column":63}},"14":{"start":{"line":19,"column":48},"end":{"line":19,"column":61}},"15":{"start":{"line":20,"column":4},"end":{"line":40,"column":6}},"16":{"start":{"line":41,"column":4},"end":{"line":41,"column":26}},"17":{"start":{"line":45,"column":0},"end":{"line":45,"column":33}}},"branchMap":{"1":{"line":14,"type":"if","locations":[{"start":{"line":14,"column":4},"end":{"line":14,"column":4}},{"start":{"line":14,"column":4},"end":{"line":14,"column":4}}]}}},"/home/travis/build/zccz14/light/routes/problem_list.js":{"path":"/home/travis/build/zccz14/light/routes/problem_list.js","s":{"1":1,"2":1,"3":1,"4":1,"5":1,"6":1,"7":1,"8":1},"b":{},"f":{},"fnMap":{},"statementMap":{"1":{"start":{"line":10,"column":0},"end":{"line":10,"column":54}},"2":{"start":{"line":12,"column":0},"end":{"line":12,"column":61}},"3":{"start":{"line":13,"column":0},"end":{"line":13,"column":67}},"4":{"start":{"line":15,"column":0},"end":{"line":15,"column":68}},"5":{"start":{"line":17,"column":0},"end":{"line":17,"column":80}},"6":{"start":{"line":19,"column":0},"end":{"line":19,"column":83}},"7":{"start":{"line":20,"column":0},"end":{"line":20,"column":97}},"8":{"start":{"line":22,"column":0},"end":{"line":22,"column":35}}},"branchMap":{}},"/home/travis/build/zccz14/light/lib/problem_list_create.js":{"path":"/home/travis/build/zccz14/light/lib/problem_list_create.js","s":{"1":1,"2":1,"3":1,"4":1,"5":0,"6":0,"7":0,"8":0,"9":0,"10":0,"11":0,"12":0,"13":0,"14":0,"15":0,"16":0,"17":0,"18":0,"19":0,"20":0,"21":0,"22":0,"23":1},"b":{"1":[0,0],"2":[0,0],"3":[0,0],"4":[0,0]},"f":{"1":0,"2":0},"fnMap":{"1":{"name":"ProblemListCreate","line":36,"loc":{"start":{"line":36,"column":0},"end":{"line":36,"column":37}}},"2":{"name":"(anonymous_2)","line":37,"loc":{"start":{"line":37,"column":5},"end":{"line":37,"column":18}}}},"statementMap":{"1":{"start":{"line":10,"column":0},"end":{"line":10,"column":25}},"2":{"start":{"line":12,"column":0},"end":{"line":12,"column":50}},"3":{"start":{"line":14,"column":0},"end":{"line":14,"column":38}},"4":{"start":{"line":36,"column":0},"end":{"line":59,"column":1}},"5":{"start":{"line":37,"column":2},"end":{"line":58,"column":30}},"6":{"start":{"line":38,"column":4},"end":{"line":38,"column":29}},"7":{"start":{"line":39,"column":4},"end":{"line":39,"column":40}},"8":{"start":{"line":40,"column":4},"end":{"line":40,"column":34}},"9":{"start":{"line":41,"column":4},"end":{"line":41,"column":27}},"10":{"start":{"line":42,"column":4},"end":{"line":54,"column":5}},"11":{"start":{"line":43,"column":6},"end":{"line":43,"column":58}},"12":{"start":{"line":44,"column":6},"end":{"line":47,"column":7}},"13":{"start":{"line":45,"column":8},"end":{"line":45,"column":31}},"14":{"start":{"line":46,"column":8},"end":{"line":46,"column":15}},"15":{"start":{"line":48,"column":6},"end":{"line":53,"column":7}},"16":{"start":{"line":48,"column":37},"end":{"line":48,"column":91}},"17":{"start":{"line":49,"column":8},"end":{"line":49,"column":26}},"18":{"start":{"line":51,"column":8},"end":{"line":51,"column":30}},"19":{"start":{"line":52,"column":8},"end":{"line":52,"column":15}},"20":{"start":{"line":55,"column":4},"end":{"line":55,"column":57}},"21":{"start":{"line":56,"column":4},"end":{"line":56,"column":43}},"22":{"start":{"line":57,"column":4},"end":{"line":57,"column":39}},"23":{"start":{"line":61,"column":0},"end":{"line":61,"column":35}}},"branchMap":{"1":{"line":42,"type":"if","locations":[{"start":{"line":42,"column":4},"end":{"line":42,"column":4}},{"start":{"line":42,"column":4},"end":{"line":42,"column":4}}]},"2":{"line":44,"type":"if","locations":[{"start":{"line":44,"column":6},"end":{"line":44,"column":6}},{"start":{"line":44,"column":6},"end":{"line":44,"column":6}}]},"3":{"line":48,"type":"if","locations":[{"start":{"line":48,"column":6},"end":{"line":48,"column":6}},{"start":{"line":48,"column":6},"end":{"line":48,"column":6}}]},"4":{"line":48,"type":"binary-expr","locations":[{"start":{"line":48,"column":37},"end":{"line":48,"column":69}},{"start":{"line":48,"column":73},"end":{"line":48,"column":91}}]}}},"/home/travis/build/zccz14/light/lib/problem_list_retrieve.js":{"path":"/home/travis/build/zccz14/light/lib/problem_list_retrieve.js","s":{"1":1,"2":1,"3":1,"4":1,"5":1,"6":1,"7":0,"8":0,"9":0,"10":0,"11":0,"12":0,"13":0,"14":0,"15":0,"16":0,"17":0,"18":0,"19":0,"20":0,"21":1},"b":{"1":[0,0]},"f":{"1":0,"2":0},"fnMap":{"1":{"name":"ProblemListRetrieve","line":41,"loc":{"start":{"line":41,"column":0},"end":{"line":41,"column":39}}},"2":{"name":"(anonymous_2)","line":42,"loc":{"start":{"line":42,"column":5},"end":{"line":42,"column":18}}}},"statementMap":{"1":{"start":{"line":9,"column":0},"end":{"line":9,"column":25}},"2":{"start":{"line":10,"column":0},"end":{"line":10,"column":37}},"3":{"start":{"line":11,"column":0},"end":{"line":11,"column":41}},"4":{"start":{"line":13,"column":0},"end":{"line":13,"column":43}},"5":{"start":{"line":15,"column":0},"end":{"line":15,"column":38}},"6":{"start":{"line":41,"column":0},"end":{"line":63,"column":1}},"7":{"start":{"line":42,"column":2},"end":{"line":62,"column":30}},"8":{"start":{"line":43,"column":4},"end":{"line":43,"column":29}},"9":{"start":{"line":44,"column":4},"end":{"line":44,"column":54}},"10":{"start":{"line":45,"column":4},"end":{"line":45,"column":24}},"11":{"start":{"line":46,"column":4},"end":{"line":46,"column":28}},"12":{"start":{"line":47,"column":4},"end":{"line":47,"column":26}},"13":{"start":{"line":48,"column":4},"end":{"line":53,"column":6}},"14":{"start":{"line":54,"column":4},"end":{"line":59,"column":5}},"15":{"start":{"line":55,"column":6},"end":{"line":55,"column":60}},"16":{"start":{"line":55,"column":41},"end":{"line":55,"column":58}},"17":{"start":{"line":56,"column":6},"end":{"line":56,"column":40}},"18":{"start":{"line":58,"column":6},"end":{"line":58,"column":54}},"19":{"start":{"line":60,"column":4},"end":{"line":60,"column":85}},"20":{"start":{"line":61,"column":4},"end":{"line":61,"column":40}},"21":{"start":{"line":65,"column":0},"end":{"line":65,"column":37}}},"branchMap":{"1":{"line":54,"type":"if","locations":[{"start":{"line":54,"column":4},"end":{"line":54,"column":4}},{"start":{"line":54,"column":4},"end":{"line":54,"column":4}}]}}},"/home/travis/build/zccz14/light/lib/problem_list_detail.js":{"path":"/home/travis/build/zccz14/light/lib/problem_list_detail.js","s":{"1":1,"2":1,"3":1,"4":1,"5":1,"6":1,"7":0,"8":0,"9":0,"10":0,"11":0,"12":0,"13":0,"14":0,"15":0,"16":1},"b":{"1":[0,0],"2":[0,0]},"f":{"1":0,"2":0},"fnMap":{"1":{"name":"ProblemListDetail","line":40,"loc":{"start":{"line":40,"column":0},"end":{"line":40,"column":37}}},"2":{"name":"(anonymous_2)","line":41,"loc":{"start":{"line":41,"column":5},"end":{"line":41,"column":18}}}},"statementMap":{"1":{"start":{"line":10,"column":0},"end":{"line":10,"column":25}},"2":{"start":{"line":11,"column":0},"end":{"line":11,"column":37}},"3":{"start":{"line":12,"column":0},"end":{"line":12,"column":41}},"4":{"start":{"line":14,"column":0},"end":{"line":14,"column":52}},"5":{"start":{"line":16,"column":0},"end":{"line":16,"column":38}},"6":{"start":{"line":40,"column":0},"end":{"line":55,"column":1}},"7":{"start":{"line":41,"column":2},"end":{"line":54,"column":30}},"8":{"start":{"line":42,"column":4},"end":{"line":42,"column":37}},"9":{"start":{"line":43,"column":4},"end":{"line":43,"column":71}},"10":{"start":{"line":44,"column":4},"end":{"line":47,"column":5}},"11":{"start":{"line":45,"column":6},"end":{"line":45,"column":29}},"12":{"start":{"line":46,"column":6},"end":{"line":46,"column":13}},"13":{"start":{"line":48,"column":4},"end":{"line":52,"column":14}},"14":{"start":{"line":50,"column":43},"end":{"line":50,"column":54}},"15":{"start":{"line":53,"column":4},"end":{"line":53,"column":49}},"16":{"start":{"line":57,"column":0},"end":{"line":57,"column":35}}},"branchMap":{"1":{"line":44,"type":"if","locations":[{"start":{"line":44,"column":4},"end":{"line":44,"column":4}},{"start":{"line":44,"column":4},"end":{"line":44,"column":4}}]},"2":{"line":44,"type":"binary-expr","locations":[{"start":{"line":44,"column":8},"end":{"line":44,"column":28}},{"start":{"line":44,"column":32},"end":{"line":44,"column":67}}]}}},"/home/travis/build/zccz14/light/lib/problem_list_problem_create.js":{"path":"/home/travis/build/zccz14/light/lib/problem_list_problem_create.js","s":{"1":1,"2":1,"3":1,"4":1,"5":0,"6":0,"7":0,"8":0,"9":0,"10":0,"11":0,"12":0,"13":0,"14":0,"15":0,"16":0,"17":0,"18":0,"19":0,"20":0,"21":0,"22":1},"b":{"1":[0,0],"2":[0,0],"3":[0,0],"4":[0,0,0],"5":[0,0]},"f":{"1":0,"2":0},"fnMap":{"1":{"name":"ProblemListProblemCreate","line":37,"loc":{"start":{"line":37,"column":0},"end":{"line":37,"column":44}}},"2":{"name":"(anonymous_2)","line":38,"loc":{"start":{"line":38,"column":5},"end":{"line":38,"column":18}}}},"statementMap":{"1":{"start":{"line":10,"column":0},"end":{"line":10,"column":25}},"2":{"start":{"line":12,"column":0},"end":{"line":12,"column":52}},"3":{"start":{"line":14,"column":0},"end":{"line":14,"column":38}},"4":{"start":{"line":37,"column":0},"end":{"line":61,"column":1}},"5":{"start":{"line":38,"column":2},"end":{"line":60,"column":30}},"6":{"start":{"line":39,"column":4},"end":{"line":39,"column":29}},"7":{"start":{"line":40,"column":4},"end":{"line":40,"column":37}},"8":{"start":{"line":41,"column":4},"end":{"line":41,"column":31}},"9":{"start":{"line":42,"column":4},"end":{"line":42,"column":59}},"10":{"start":{"line":43,"column":4},"end":{"line":46,"column":5}},"11":{"start":{"line":44,"column":6},"end":{"line":44,"column":70}},"12":{"start":{"line":45,"column":6},"end":{"line":45,"column":13}},"13":{"start":{"line":47,"column":4},"end":{"line":47,"column":71}},"14":{"start":{"line":48,"column":4},"end":{"line":51,"column":5}},"15":{"start":{"line":49,"column":6},"end":{"line":49,"column":79}},"16":{"start":{"line":50,"column":6},"end":{"line":50,"column":13}},"17":{"start":{"line":52,"column":4},"end":{"line":55,"column":5}},"18":{"start":{"line":53,"column":6},"end":{"line":53,"column":69}},"19":{"start":{"line":54,"column":6},"end":{"line":54,"column":13}},"20":{"start":{"line":56,"column":4},"end":{"line":58,"column":29}},"21":{"start":{"line":59,"column":4},"end":{"line":59,"column":39}},"22":{"start":{"line":63,"column":0},"end":{"line":63,"column":42}}},"branchMap":{"1":{"line":43,"type":"if","locations":[{"start":{"line":43,"column":4},"end":{"line":43,"column":4}},{"start":{"line":43,"column":4},"end":{"line":43,"column":4}}]},"2":{"line":43,"type":"binary-expr","locations":[{"start":{"line":43,"column":8},"end":{"line":43,"column":24}},{"start":{"line":43,"column":28},"end":{"line":43,"column":67}}]},"3":{"line":48,"type":"if","locations":[{"start":{"line":48,"column":4},"end":{"line":48,"column":4}},{"start":{"line":48,"column":4},"end":{"line":48,"column":4}}]},"4":{"line":48,"type":"binary-expr","locations":[{"start":{"line":48,"column":8},"end":{"line":48,"column":28}},{"start":{"line":48,"column":33},"end":{"line":48,"column":68}},{"start":{"line":48,"column":72},"end":{"line":48,"column":115}}]},"5":{"line":52,"type":"if","locations":[{"start":{"line":52,"column":4},"end":{"line":52,"column":4}},{"start":{"line":52,"column":4},"end":{"line":52,"column":4}}]}}},"/home/travis/build/zccz14/light/routes/problem.js":{"path":"/home/travis/build/zccz14/light/routes/problem.js","s":{"1":1,"2":1,"3":1,"4":1,"5":1,"6":1,"7":1,"8":1},"b":{},"f":{},"fnMap":{},"statementMap":{"1":{"start":{"line":10,"column":0},"end":{"line":10,"column":50}},"2":{"start":{"line":12,"column":0},"end":{"line":12,"column":56}},"3":{"start":{"line":14,"column":0},"end":{"line":14,"column":58}},"4":{"start":{"line":16,"column":0},"end":{"line":16,"column":59}},"5":{"start":{"line":18,"column":0},"end":{"line":18,"column":67}},"6":{"start":{"line":20,"column":0},"end":{"line":20,"column":70}},"7":{"start":{"line":22,"column":0},"end":{"line":22,"column":67}},"8":{"start":{"line":24,"column":0},"end":{"line":24,"column":31}}},"branchMap":{}},"/home/travis/build/zccz14/light/lib/problem_create.js":{"path":"/home/travis/build/zccz14/light/lib/problem_create.js","s":{"1":1,"2":1,"3":1,"4":1,"5":0,"6":0,"7":0,"8":0,"9":0,"10":0,"11":0,"12":0,"13":1},"b":{},"f":{"1":0,"2":0},"fnMap":{"1":{"name":"ProblemCreate","line":35,"loc":{"start":{"line":35,"column":0},"end":{"line":35,"column":33}}},"2":{"name":"(anonymous_2)","line":36,"loc":{"start":{"line":36,"column":5},"end":{"line":36,"column":18}}}},"statementMap":{"1":{"start":{"line":9,"column":0},"end":{"line":9,"column":25}},"2":{"start":{"line":11,"column":0},"end":{"line":11,"column":39}},"3":{"start":{"line":13,"column":0},"end":{"line":13,"column":38}},"4":{"start":{"line":35,"column":0},"end":{"line":49,"column":1}},"5":{"start":{"line":36,"column":2},"end":{"line":48,"column":30}},"6":{"start":{"line":37,"column":4},"end":{"line":37,"column":29}},"7":{"start":{"line":38,"column":4},"end":{"line":38,"column":50}},"8":{"start":{"line":39,"column":4},"end":{"line":39,"column":25}},"9":{"start":{"line":40,"column":4},"end":{"line":40,"column":37}},"10":{"start":{"line":41,"column":4},"end":{"line":45,"column":7}},"11":{"start":{"line":46,"column":4},"end":{"line":46,"column":35}},"12":{"start":{"line":47,"column":4},"end":{"line":47,"column":35}},"13":{"start":{"line":51,"column":0},"end":{"line":51,"column":31}}},"branchMap":{}},"/home/travis/build/zccz14/light/lib/problem_retrieve.js":{"path":"/home/travis/build/zccz14/light/lib/problem_retrieve.js","s":{"1":1,"2":1,"3":1,"4":1,"5":1,"6":0,"7":0,"8":0,"9":0,"10":0,"11":0,"12":0,"13":0,"14":1},"b":{},"f":{"1":0,"2":0},"fnMap":{"1":{"name":"ProblemRetrieve","line":39,"loc":{"start":{"line":39,"column":0},"end":{"line":39,"column":35}}},"2":{"name":"(anonymous_2)","line":40,"loc":{"start":{"line":40,"column":5},"end":{"line":40,"column":18}}}},"statementMap":{"1":{"start":{"line":9,"column":0},"end":{"line":9,"column":25}},"2":{"start":{"line":11,"column":0},"end":{"line":11,"column":52}},"3":{"start":{"line":12,"column":0},"end":{"line":12,"column":39}},"4":{"start":{"line":14,"column":0},"end":{"line":14,"column":38}},"5":{"start":{"line":39,"column":0},"end":{"line":53,"column":1}},"6":{"start":{"line":40,"column":2},"end":{"line":52,"column":30}},"7":{"start":{"line":41,"column":4},"end":{"line":41,"column":29}},"8":{"start":{"line":42,"column":4},"end":{"line":42,"column":53}},"9":{"start":{"line":43,"column":4},"end":{"line":43,"column":22}},"10":{"start":{"line":44,"column":4},"end":{"line":44,"column":28}},"11":{"start":{"line":45,"column":4},"end":{"line":45,"column":26}},"12":{"start":{"line":47,"column":4},"end":{"line":50,"column":38}},"13":{"start":{"line":51,"column":4},"end":{"line":51,"column":36}},"14":{"start":{"line":55,"column":0},"end":{"line":55,"column":33}}},"branchMap":{}},"/home/travis/build/zccz14/light/lib/problem_update.js":{"path":"/home/travis/build/zccz14/light/lib/problem_update.js","s":{"1":1,"2":1,"3":1,"4":1,"5":0,"6":0,"7":0,"8":0,"9":0,"10":0,"11":0,"12":0,"13":0,"14":0,"15":0,"16":1},"b":{"1":[0,0],"2":[0,0]},"f":{"1":0,"2":0},"fnMap":{"1":{"name":"ProblemUpdate","line":38,"loc":{"start":{"line":38,"column":0},"end":{"line":38,"column":33}}},"2":{"name":"(anonymous_2)","line":39,"loc":{"start":{"line":39,"column":5},"end":{"line":39,"column":18}}}},"statementMap":{"1":{"start":{"line":8,"column":0},"end":{"line":8,"column":25}},"2":{"start":{"line":10,"column":0},"end":{"line":10,"column":39}},"3":{"start":{"line":12,"column":0},"end":{"line":12,"column":38}},"4":{"start":{"line":38,"column":0},"end":{"line":52,"column":1}},"5":{"start":{"line":39,"column":2},"end":{"line":51,"column":30}},"6":{"start":{"line":40,"column":4},"end":{"line":40,"column":29}},"7":{"start":{"line":41,"column":4},"end":{"line":41,"column":33}},"8":{"start":{"line":42,"column":4},"end":{"line":42,"column":40}},"9":{"start":{"line":43,"column":4},"end":{"line":43,"column":59}},"10":{"start":{"line":44,"column":4},"end":{"line":47,"column":5}},"11":{"start":{"line":45,"column":6},"end":{"line":45,"column":70}},"12":{"start":{"line":46,"column":6},"end":{"line":46,"column":13}},"13":{"start":{"line":48,"column":4},"end":{"line":48,"column":51}},"14":{"start":{"line":49,"column":4},"end":{"line":49,"column":35}},"15":{"start":{"line":50,"column":4},"end":{"line":50,"column":35}},"16":{"start":{"line":54,"column":0},"end":{"line":54,"column":31}}},"branchMap":{"1":{"line":44,"type":"if","locations":[{"start":{"line":44,"column":4},"end":{"line":44,"column":4}},{"start":{"line":44,"column":4},"end":{"line":44,"column":4}}]},"2":{"line":44,"type":"binary-expr","locations":[{"start":{"line":44,"column":8},"end":{"line":44,"column":24}},{"start":{"line":44,"column":28},"end":{"line":44,"column":67}}]}}},"/home/travis/build/zccz14/light/lib/problem_delete.js":{"path":"/home/travis/build/zccz14/light/lib/problem_delete.js","s":{"1":1,"2":1,"3":1,"4":1,"5":0,"6":0,"7":0,"8":0,"9":0,"10":0,"11":0,"12":0,"13":0,"14":1},"b":{"1":[0,0],"2":[0,0]},"f":{"1":0,"2":0},"fnMap":{"1":{"name":"ProblemDelete","line":35,"loc":{"start":{"line":35,"column":0},"end":{"line":35,"column":33}}},"2":{"name":"(anonymous_2)","line":36,"loc":{"start":{"line":36,"column":5},"end":{"line":36,"column":18}}}},"statementMap":{"1":{"start":{"line":9,"column":0},"end":{"line":9,"column":25}},"2":{"start":{"line":11,"column":0},"end":{"line":11,"column":39}},"3":{"start":{"line":13,"column":0},"end":{"line":13,"column":38}},"4":{"start":{"line":35,"column":0},"end":{"line":47,"column":1}},"5":{"start":{"line":36,"column":2},"end":{"line":46,"column":30}},"6":{"start":{"line":37,"column":4},"end":{"line":37,"column":29}},"7":{"start":{"line":38,"column":4},"end":{"line":38,"column":33}},"8":{"start":{"line":39,"column":4},"end":{"line":39,"column":59}},"9":{"start":{"line":40,"column":4},"end":{"line":43,"column":5}},"10":{"start":{"line":41,"column":6},"end":{"line":41,"column":70}},"11":{"start":{"line":42,"column":6},"end":{"line":42,"column":13}},"12":{"start":{"line":44,"column":4},"end":{"line":44,"column":54}},"13":{"start":{"line":45,"column":4},"end":{"line":45,"column":35}},"14":{"start":{"line":49,"column":0},"end":{"line":49,"column":31}}},"branchMap":{"1":{"line":40,"type":"if","locations":[{"start":{"line":40,"column":4},"end":{"line":40,"column":4}},{"start":{"line":40,"column":4},"end":{"line":40,"column":4}}]},"2":{"line":40,"type":"binary-expr","locations":[{"start":{"line":40,"column":8},"end":{"line":40,"column":24}},{"start":{"line":40,"column":28},"end":{"line":40,"column":67}}]}}},"/home/travis/build/zccz14/light/lib/problem_detail.js":{"path":"/home/travis/build/zccz14/light/lib/problem_detail.js","s":{"1":1,"2":1,"3":1,"4":1,"5":0,"6":0,"7":0,"8":0,"9":0,"10":0,"11":0,"12":0,"13":1},"b":{"1":[0,0],"2":[0,0]},"f":{"1":0,"2":0},"fnMap":{"1":{"name":"ProblemDetail","line":38,"loc":{"start":{"line":38,"column":0},"end":{"line":38,"column":33}}},"2":{"name":"(anonymous_2)","line":39,"loc":{"start":{"line":39,"column":5},"end":{"line":39,"column":18}}}},"statementMap":{"1":{"start":{"line":10,"column":0},"end":{"line":10,"column":25}},"2":{"start":{"line":12,"column":0},"end":{"line":12,"column":39}},"3":{"start":{"line":14,"column":0},"end":{"line":14,"column":38}},"4":{"start":{"line":38,"column":0},"end":{"line":49,"column":1}},"5":{"start":{"line":39,"column":2},"end":{"line":48,"column":30}},"6":{"start":{"line":40,"column":4},"end":{"line":40,"column":29}},"7":{"start":{"line":41,"column":4},"end":{"line":41,"column":33}},"8":{"start":{"line":42,"column":4},"end":{"line":42,"column":59}},"9":{"start":{"line":43,"column":4},"end":{"line":46,"column":5}},"10":{"start":{"line":44,"column":6},"end":{"line":44,"column":70}},"11":{"start":{"line":45,"column":6},"end":{"line":45,"column":13}},"12":{"start":{"line":47,"column":4},"end":{"line":47,"column":35}},"13":{"start":{"line":51,"column":0},"end":{"line":51,"column":31}}},"branchMap":{"1":{"line":43,"type":"if","locations":[{"start":{"line":43,"column":4},"end":{"line":43,"column":4}},{"start":{"line":43,"column":4},"end":{"line":43,"column":4}}]},"2":{"line":43,"type":"binary-expr","locations":[{"start":{"line":43,"column":8},"end":{"line":43,"column":24}},{"start":{"line":43,"column":28},"end":{"line":43,"column":67}}]}}},"/home/travis/build/zccz14/light/routes/submission.js":{"path":"/home/travis/build/zccz14/light/routes/submission.js","s":{"1":1,"2":1,"3":1,"4":1,"5":1,"6":1,"7":1,"8":1,"9":1},"b":{},"f":{},"fnMap":{},"statementMap":{"1":{"start":{"line":10,"column":0},"end":{"line":10,"column":53}},"2":{"start":{"line":12,"column":0},"end":{"line":12,"column":60}},"3":{"start":{"line":13,"column":0},"end":{"line":13,"column":64}},"4":{"start":{"line":15,"column":0},"end":{"line":15,"column":65}},"5":{"start":{"line":17,"column":0},"end":{"line":17,"column":72}},"6":{"start":{"line":18,"column":0},"end":{"line":18,"column":76}},"7":{"start":{"line":20,"column":0},"end":{"line":20,"column":81}},"8":{"start":{"line":21,"column":0},"end":{"line":21,"column":94}},"9":{"start":{"line":23,"column":0},"end":{"line":23,"column":34}}},"branchMap":{}},"/home/travis/build/zccz14/light/lib/submission_create.js":{"path":"/home/travis/build/zccz14/light/lib/submission_create.js","s":{"1":1,"2":1,"3":1,"4":1,"5":1,"6":0,"7":0,"8":0,"9":0,"10":0,"11":0,"12":0,"13":0,"14":0,"15":0,"16":0,"17":0,"18":0,"19":0,"20":0,"21":0,"22":0,"23":0,"24":0,"25":0,"26":0,"27":0,"28":0,"29":0,"30":0,"31":1},"b":{"1":[0,0],"2":[0,0],"3":[0,0],"4":[0,0],"5":[0,0],"6":[0,0]},"f":{"1":0,"2":0},"fnMap":{"1":{"name":"SubmissionCreate","line":48,"loc":{"start":{"line":48,"column":0},"end":{"line":48,"column":36}}},"2":{"name":"(anonymous_2)","line":49,"loc":{"start":{"line":49,"column":5},"end":{"line":49,"column":18}}}},"statementMap":{"1":{"start":{"line":11,"column":0},"end":{"line":11,"column":25}},"2":{"start":{"line":12,"column":0},"end":{"line":12,"column":38}},"3":{"start":{"line":14,"column":0},"end":{"line":14,"column":61}},"4":{"start":{"line":16,"column":0},"end":{"line":16,"column":38}},"5":{"start":{"line":48,"column":0},"end":{"line":101,"column":1}},"6":{"start":{"line":49,"column":2},"end":{"line":100,"column":30}},"7":{"start":{"line":50,"column":4},"end":{"line":50,"column":32}},"8":{"start":{"line":52,"column":4},"end":{"line":52,"column":31}},"9":{"start":{"line":53,"column":4},"end":{"line":53,"column":68}},"10":{"start":{"line":55,"column":4},"end":{"line":55,"column":71}},"11":{"start":{"line":57,"column":4},"end":{"line":62,"column":5}},"12":{"start":{"line":60,"column":6},"end":{"line":60,"column":79}},"13":{"start":{"line":61,"column":6},"end":{"line":61,"column":13}},"14":{"start":{"line":64,"column":4},"end":{"line":67,"column":5}},"15":{"start":{"line":65,"column":6},"end":{"line":65,"column":72}},"16":{"start":{"line":66,"column":6},"end":{"line":66,"column":13}},"17":{"start":{"line":69,"column":4},"end":{"line":72,"column":5}},"18":{"start":{"line":69,"column":41},"end":{"line":69,"column":67}},"19":{"start":{"line":70,"column":6},"end":{"line":70,"column":85}},"20":{"start":{"line":71,"column":6},"end":{"line":71,"column":13}},"21":{"start":{"line":73,"column":4},"end":{"line":73,"column":54}},"22":{"start":{"line":74,"column":4},"end":{"line":76,"column":5}},"23":{"start":{"line":75,"column":6},"end":{"line":75,"column":64}},"24":{"start":{"line":78,"column":4},"end":{"line":85,"column":7}},"25":{"start":{"line":86,"column":4},"end":{"line":86,"column":41}},"26":{"start":{"line":88,"column":4},"end":{"line":92,"column":22}},"27":{"start":{"line":94,"column":4},"end":{"line":98,"column":5}},"28":{"start":{"line":95,"column":6},"end":{"line":95,"column":61}},"29":{"start":{"line":97,"column":6},"end":{"line":97,"column":98}},"30":{"start":{"line":99,"column":4},"end":{"line":99,"column":51}},"31":{"start":{"line":103,"column":0},"end":{"line":103,"column":34}}},"branchMap":{"1":{"line":57,"type":"if","locations":[{"start":{"line":57,"column":4},"end":{"line":57,"column":4}},{"start":{"line":57,"column":4},"end":{"line":57,"column":4}}]},"2":{"line":57,"type":"binary-expr","locations":[{"start":{"line":57,"column":8},"end":{"line":57,"column":54}},{"start":{"line":57,"column":58},"end":{"line":57,"column":93}}]},"3":{"line":64,"type":"if","locations":[{"start":{"line":64,"column":4},"end":{"line":64,"column":4}},{"start":{"line":64,"column":4},"end":{"line":64,"column":4}}]},"4":{"line":69,"type":"if","locations":[{"start":{"line":69,"column":4},"end":{"line":69,"column":4}},{"start":{"line":69,"column":4},"end":{"line":69,"column":4}}]},"5":{"line":74,"type":"if","locations":[{"start":{"line":74,"column":4},"end":{"line":74,"column":4}},{"start":{"line":74,"column":4},"end":{"line":74,"column":4}}]},"6":{"line":94,"type":"if","locations":[{"start":{"line":94,"column":4},"end":{"line":94,"column":4}},{"start":{"line":94,"column":4},"end":{"line":94,"column":4}}]}}},"/home/travis/build/zccz14/light/lib/submission_retrieve.js":{"path":"/home/travis/build/zccz14/light/lib/submission_retrieve.js","s":{"1":1,"2":1,"3":1,"4":1,"5":1,"6":0,"7":0,"8":0,"9":0,"10":0,"11":0,"12":0,"13":0,"14":0,"15":0,"16":1},"b":{"1":[0,0]},"f":{"1":0,"2":0},"fnMap":{"1":{"name":"SubmissionRetrieve","line":41,"loc":{"start":{"line":41,"column":0},"end":{"line":41,"column":38}}},"2":{"name":"(anonymous_2)","line":42,"loc":{"start":{"line":42,"column":5},"end":{"line":42,"column":18}}}},"statementMap":{"1":{"start":{"line":11,"column":0},"end":{"line":11,"column":25}},"2":{"start":{"line":12,"column":0},"end":{"line":12,"column":52}},"3":{"start":{"line":14,"column":0},"end":{"line":14,"column":42}},"4":{"start":{"line":16,"column":0},"end":{"line":16,"column":38}},"5":{"start":{"line":41,"column":0},"end":{"line":54,"column":1}},"6":{"start":{"line":42,"column":2},"end":{"line":53,"column":30}},"7":{"start":{"line":43,"column":4},"end":{"line":43,"column":64}},"8":{"start":{"line":44,"column":4},"end":{"line":44,"column":34}},"9":{"start":{"line":45,"column":4},"end":{"line":47,"column":5}},"10":{"start":{"line":46,"column":6},"end":{"line":46,"column":24}},"11":{"start":{"line":48,"column":4},"end":{"line":48,"column":44}},"12":{"start":{"line":49,"column":4},"end":{"line":49,"column":28}},"13":{"start":{"line":50,"column":4},"end":{"line":50,"column":26}},"14":{"start":{"line":51,"column":4},"end":{"line":51,"column":95}},"15":{"start":{"line":52,"column":4},"end":{"line":52,"column":39}},"16":{"start":{"line":56,"column":0},"end":{"line":56,"column":36}}},"branchMap":{"1":{"line":45,"type":"if","locations":[{"start":{"line":45,"column":4},"end":{"line":45,"column":4}},{"start":{"line":45,"column":4},"end":{"line":45,"column":4}}]}}},"/home/travis/build/zccz14/light/lib/submission_detail.js":{"path":"/home/travis/build/zccz14/light/lib/submission_detail.js","s":{"1":1,"2":1,"3":1,"4":1,"5":0,"6":0,"7":0,"8":0,"9":0,"10":0,"11":0,"12":0,"13":0,"14":0,"15":0,"16":1},"b":{"1":[0,0],"2":[0,0],"3":[0,0]},"f":{"1":0,"2":0},"fnMap":{"1":{"name":"SubmissionDetail","line":37,"loc":{"start":{"line":37,"column":0},"end":{"line":37,"column":36}}},"2":{"name":"(anonymous_2)","line":38,"loc":{"start":{"line":38,"column":5},"end":{"line":38,"column":18}}}},"statementMap":{"1":{"start":{"line":10,"column":0},"end":{"line":10,"column":25}},"2":{"start":{"line":12,"column":0},"end":{"line":12,"column":42}},"3":{"start":{"line":14,"column":0},"end":{"line":14,"column":38}},"4":{"start":{"line":37,"column":0},"end":{"line":52,"column":1}},"5":{"start":{"line":38,"column":2},"end":{"line":51,"column":30}},"6":{"start":{"line":39,"column":4},"end":{"line":39,"column":29}},"7":{"start":{"line":40,"column":4},"end":{"line":40,"column":36}},"8":{"start":{"line":41,"column":4},"end":{"line":41,"column":68}},"9":{"start":{"line":42,"column":4},"end":{"line":45,"column":5}},"10":{"start":{"line":43,"column":6},"end":{"line":43,"column":72}},"11":{"start":{"line":44,"column":6},"end":{"line":44,"column":13}},"12":{"start":{"line":46,"column":4},"end":{"line":49,"column":5}},"13":{"start":{"line":47,"column":6},"end":{"line":47,"column":42}},"14":{"start":{"line":48,"column":6},"end":{"line":48,"column":13}},"15":{"start":{"line":50,"column":4},"end":{"line":50,"column":38}},"16":{"start":{"line":54,"column":0},"end":{"line":54,"column":34}}},"branchMap":{"1":{"line":42,"type":"if","locations":[{"start":{"line":42,"column":4},"end":{"line":42,"column":4}},{"start":{"line":42,"column":4},"end":{"line":42,"column":4}}]},"2":{"line":46,"type":"if","locations":[{"start":{"line":46,"column":4},"end":{"line":46,"column":4}},{"start":{"line":46,"column":4},"end":{"line":46,"column":4}}]},"3":{"line":46,"type":"binary-expr","locations":[{"start":{"line":46,"column":8},"end":{"line":46,"column":54}},{"start":{"line":46,"column":58},"end":{"line":46,"column":101}}]}}},"/home/travis/build/zccz14/light/lib/submission_sentence_update.js":{"path":"/home/travis/build/zccz14/light/lib/submission_sentence_update.js","s":{"1":1,"2":1,"3":1,"4":1,"5":0,"6":0,"7":0,"8":0,"9":0,"10":0,"11":0,"12":0,"13":0,"14":0,"15":0,"16":1},"b":{"1":[0,0]},"f":{"1":0,"2":0},"fnMap":{"1":{"name":"SubmissionSentenceUpdate","line":38,"loc":{"start":{"line":38,"column":0},"end":{"line":38,"column":44}}},"2":{"name":"(anonymous_2)","line":39,"loc":{"start":{"line":39,"column":5},"end":{"line":39,"column":18}}}},"statementMap":{"1":{"start":{"line":10,"column":0},"end":{"line":10,"column":25}},"2":{"start":{"line":12,"column":0},"end":{"line":12,"column":42}},"3":{"start":{"line":14,"column":0},"end":{"line":14,"column":38}},"4":{"start":{"line":38,"column":0},"end":{"line":52,"column":1}},"5":{"start":{"line":39,"column":2},"end":{"line":51,"column":30}},"6":{"start":{"line":40,"column":4},"end":{"line":40,"column":47}},"7":{"start":{"line":41,"column":4},"end":{"line":41,"column":30}},"8":{"start":{"line":42,"column":4},"end":{"line":42,"column":29}},"9":{"start":{"line":43,"column":4},"end":{"line":43,"column":68}},"10":{"start":{"line":44,"column":4},"end":{"line":47,"column":5}},"11":{"start":{"line":45,"column":6},"end":{"line":45,"column":55}},"12":{"start":{"line":46,"column":6},"end":{"line":46,"column":13}},"13":{"start":{"line":48,"column":4},"end":{"line":48,"column":35}},"14":{"start":{"line":49,"column":4},"end":{"line":49,"column":41}},"15":{"start":{"line":50,"column":4},"end":{"line":50,"column":38}},"16":{"start":{"line":54,"column":0},"end":{"line":54,"column":42}}},"branchMap":{"1":{"line":44,"type":"if","locations":[{"start":{"line":44,"column":4},"end":{"line":44,"column":4}},{"start":{"line":44,"column":4},"end":{"line":44,"column":4}}]}}}}