TN:
SF:/home/travis/build/zccz14/light/server.js
FNF:0
FNH:0
DA:15,1
DA:16,1
DA:17,1
DA:18,1
DA:19,1
DA:20,1
DA:21,1
DA:22,1
DA:24,1
DA:26,1
DA:33,1
DA:36,1
DA:41,1
DA:43,1
DA:44,1
DA:45,1
DA:46,1
DA:48,1
DA:51,1
LF:19
LH:19
BRF:0
BRH:0
end_of_record
TN:
SF:/home/travis/build/zccz14/light/config.js
FN:37,(anonymous_1)
FN:46,(anonymous_2)
FNF:2
FNH:2
FNDA:4,(anonymous_1)
FNDA:3,(anonymous_2)
DA:22,1
DA:40,4
DA:47,3
DA:62,1
LF:4
LH:4
BRDA:31,1,0,1
BRDA:31,1,1,1
BRF:2
BRH:2
end_of_record
TN:
SF:/home/travis/build/zccz14/light/routes/index.js
FNF:0
FNH:0
DA:15,1
DA:17,1
DA:18,1
DA:19,1
DA:20,1
DA:21,1
DA:23,1
LF:7
LH:7
BRF:0
BRH:0
end_of_record
TN:
SF:/home/travis/build/zccz14/light/routes/user.js
FNF:0
FNH:0
DA:12,1
DA:14,1
DA:16,1
DA:18,1
DA:20,1
DA:22,1
DA:23,1
DA:25,1
DA:26,1
DA:28,1
DA:30,1
LF:11
LH:11
BRF:0
BRH:0
end_of_record
TN:
SF:/home/travis/build/zccz14/light/lib/user_retrieve.js
FN:34,UserRetrieve
FN:35,(anonymous_2)
FNF:2
FNH:2
FNDA:1,UserRetrieve
FNDA:1,(anonymous_2)
DA:8,1
DA:10,1
DA:12,1
DA:34,1
DA:35,1
DA:36,1
DA:37,1
DA:38,1
DA:39,1
DA:40,1
DA:44,1
DA:48,1
LF:12
LH:12
BRF:0
BRH:0
end_of_record
TN:
SF:/home/travis/build/zccz14/light/models/index.js
FNF:0
FNH:0
DA:12,1
DA:16,1
DA:20,1
DA:24,1
DA:28,1
DA:32,1
DA:34,1
DA:36,1
LF:8
LH:8
BRF:0
BRH:0
end_of_record
TN:
SF:/home/travis/build/zccz14/light/schemas/user.js
FN:44,(anonymous_1)
FNF:1
FNH:1
FNDA:13,(anonymous_1)
DA:1,1
DA:2,1
DA:3,1
DA:5,1
DA:9,1
DA:44,13
DA:68,1
LF:7
LH:7
BRDA:44,1,0,13
BRDA:44,1,1,13
BRF:2
BRH:2
end_of_record
TN:
SF:/home/travis/build/zccz14/light/schemas/user_role.js
FNF:0
FNH:0
DA:1,1
DA:2,1
DA:4,1
DA:13,1
LF:4
LH:4
BRF:0
BRH:0
end_of_record
TN:
SF:/home/travis/build/zccz14/light/schemas/problem.js
FNF:0
FNH:0
DA:1,1
DA:2,1
DA:6,1
DA:33,1
LF:4
LH:4
BRF:0
BRH:0
end_of_record
TN:
SF:/home/travis/build/zccz14/light/schemas/problem_list.js
FNF:0
FNH:0
DA:1,1
DA:2,1
DA:6,1
DA:60,1
LF:4
LH:4
BRF:0
BRH:0
end_of_record
TN:
SF:/home/travis/build/zccz14/light/schemas/group.js
FNF:0
FNH:0
DA:1,1
DA:2,1
DA:4,1
DA:6,1
DA:11,1
LF:5
LH:5
BRF:0
BRH:0
end_of_record
TN:
SF:/home/travis/build/zccz14/light/schemas/group_role.js
FNF:0
FNH:0
DA:1,1
DA:2,1
DA:4,1
DA:19,1
LF:4
LH:4
BRF:0
BRH:0
end_of_record
TN:
SF:/home/travis/build/zccz14/light/schemas/submission.js
FNF:0
FNH:0
DA:1,1
DA:2,1
DA:6,1
DA:55,1
LF:4
LH:4
BRF:0
BRH:0
end_of_record
TN:
SF:/home/travis/build/zccz14/light/lib/on_error.js
FNF:0
FNH:0
DA:13,19
DA:14,12
DA:16,12
DA:17,12
DA:18,1
DA:19,1
DA:20,11
DA:21,11
DA:22,11
DA:24,11
DA:26,0
DA:27,0
DA:28,0
DA:29,0
DA:30,0
DA:31,0
DA:32,0
DA:37,12
DA:38,0
DA:39,0
DA:43,1
LF:21
LH:12
BRDA:16,1,0,12
BRDA:16,1,1,0
BRDA:17,2,0,1
BRDA:17,2,1,11
BRDA:20,3,0,11
BRDA:20,3,1,0
BRDA:21,4,0,11
BRDA:21,4,1,0
BRDA:26,5,0,0
BRDA:26,5,1,0
BRDA:29,6,0,0
BRDA:29,6,1,0
BRDA:30,7,0,0
BRDA:30,7,1,0
BRDA:37,8,0,0
BRDA:37,8,1,12
BRF:16
BRH:6
end_of_record
TN:
SF:/home/travis/build/zccz14/light/lib/user_create.js
FN:41,UserCreate
FN:42,(anonymous_2)
FNF:2
FNH:2
FNDA:13,UserCreate
FNDA:13,(anonymous_2)
DA:9,1
DA:11,1
DA:13,1
DA:14,1
DA:41,1
DA:42,13
DA:44,13
DA:45,13
DA:46,13
DA:48,13
DA:50,13
DA:51,1
DA:52,1
DA:53,1
DA:55,1
DA:59,1
LF:16
LH:16
BRF:0
BRH:0
end_of_record
TN:
SF:/home/travis/build/zccz14/light/lib/user_login.js
FN:36,UserLogin
FN:37,(anonymous_2)
FNF:2
FNH:2
FNDA:5,UserLogin
FNDA:5,(anonymous_2)
DA:9,1
DA:11,1
DA:13,1
DA:14,1
DA:36,1
DA:37,5
DA:38,5
DA:39,5
DA:40,5
DA:41,5
DA:42,3
DA:43,2
DA:44,2
DA:45,2
DA:47,1
DA:50,2
DA:55,1
LF:17
LH:17
BRDA:41,1,0,3
BRDA:41,1,1,2
BRDA:42,2,0,2
BRDA:42,2,1,1
BRF:4
BRH:4
end_of_record
TN:
SF:/home/travis/build/zccz14/light/lib/user_logout.js
FN:24,UserLogout
FN:25,(anonymous_2)
FNF:2
FNH:2
FNDA:1,UserLogout
FNDA:1,(anonymous_2)
DA:24,1
DA:25,1
DA:26,1
DA:27,1
DA:31,1
LF:5
LH:5
BRDA:26,1,0,0
BRDA:26,1,1,1
BRF:2
BRH:1
end_of_record
TN:
SF:/home/travis/build/zccz14/light/lib/require_login.js
FN:6,RequireLogin
FNF:1
FNH:0
FNDA:0,RequireLogin
DA:1,1
DA:6,1
DA:7,0
DA:8,0
DA:10,0
DA:14,1
LF:6
LH:3
BRDA:7,1,0,0
BRDA:7,1,1,0
BRF:2
BRH:0
end_of_record
TN:
SF:/home/travis/build/zccz14/light/lib/user_profile_detail.js
FN:33,UserProfileDetail
FN:34,(anonymous_2)
FNF:2
FNH:0
FNDA:0,UserProfileDetail
FNDA:0,(anonymous_2)
DA:8,1
DA:10,1
DA:12,1
DA:33,1
DA:34,0
DA:35,0
DA:36,0
DA:37,0
DA:41,1
LF:9
LH:5
BRF:0
BRH:0
end_of_record
TN:
SF:/home/travis/build/zccz14/light/lib/user_role_update.js
FN:8,UserRoleUpdate
FN:9,(anonymous_2)
FNF:2
FNH:0
FNDA:0,UserRoleUpdate
FNDA:0,(anonymous_2)
DA:1,1
DA:2,1
DA:4,1
DA:6,1
DA:8,1
DA:9,0
DA:10,0
DA:11,0
DA:19,0
DA:20,0
DA:24,1
LF:11
LH:6
BRDA:16,1,0,0
BRDA:16,1,1,0
BRF:2
BRH:0
end_of_record
TN:
SF:/home/travis/build/zccz14/light/lib/user_detail.js
FN:37,UserDetail
FN:38,(anonymous_2)
FNF:2
FNH:0
FNDA:0,UserDetail
FNDA:0,(anonymous_2)
DA:9,1
DA:11,1
DA:13,1
DA:37,1
DA:38,0
DA:39,0
DA:40,0
DA:41,0
DA:42,0
DA:43,0
DA:45,0
DA:49,1
LF:12
LH:5
BRDA:41,1,0,0
BRDA:41,1,1,0
BRF:2
BRH:0
end_of_record
TN:
SF:/home/travis/build/zccz14/light/routes/group.js
FNF:0
FNH:0
DA:9,1
DA:11,1
DA:13,1
DA:15,1
DA:17,1
DA:19,1
DA:21,1
LF:7
LH:7
BRF:0
BRH:0
end_of_record
TN:
SF:/home/travis/build/zccz14/light/lib/user_group_create.js
FN:8,UserGroupCreate
FN:9,(anonymous_2)
FNF:2
FNH:0
FNDA:0,UserGroupCreate
FNDA:0,(anonymous_2)
DA:2,1
DA:4,1
DA:6,1
DA:8,1
DA:9,0
DA:10,0
DA:11,0
DA:12,0
DA:13,0
DA:17,0
DA:18,0
DA:27,0
DA:28,0
DA:32,1
LF:14
LH:5
BRF:0
BRH:0
end_of_record
TN:
SF:/home/travis/build/zccz14/light/lib/user_group_update.js
FN:8,UserGroupUpdate
FN:9,(anonymous_2)
FNF:2
FNH:0
FNDA:0,UserGroupUpdate
FNDA:0,(anonymous_2)
DA:1,1
DA:2,1
DA:4,1
DA:6,1
DA:8,1
DA:9,0
DA:10,0
DA:11,0
DA:12,0
DA:13,0
DA:18,0
DA:19,0
DA:21,0
DA:26,1
LF:14
LH:6
BRDA:12,1,0,0
BRDA:12,1,1,0
BRDA:18,2,0,0
BRDA:18,2,1,0
BRF:4
BRH:0
end_of_record
TN:
SF:/home/travis/build/zccz14/light/lib/user_group_invite.js
FN:7,UserGroupUpdate
FN:8,(anonymous_2)
FNF:2
FNH:0
FNDA:0,UserGroupUpdate
FNDA:0,(anonymous_2)
DA:1,1
DA:3,1
DA:5,1
DA:7,1
DA:8,0
DA:9,0
DA:10,0
DA:11,0
DA:12,0
DA:13,0
DA:14,0
DA:16,0
DA:17,0
DA:18,0
DA:20,0
DA:21,0
DA:22,0
DA:23,0
DA:24,0
DA:25,0
DA:26,0
DA:27,0
DA:32,0
DA:36,1
LF:24
LH:5
BRDA:12,1,0,0
BRDA:12,1,1,0
BRDA:16,2,0,0
BRDA:16,2,1,0
BRDA:16,3,0,0
BRDA:16,3,1,0
BRDA:29,4,0,0
BRDA:29,4,1,0
BRF:8
BRH:0
end_of_record
TN:
SF:/home/travis/build/zccz14/light/lib/user_group_accept.js
FN:8,UserGroupUpdate
FN:9,(anonymous_2)
FNF:2
FNH:0
FNDA:0,UserGroupUpdate
FNDA:0,(anonymous_2)
DA:1,1
DA:2,1
DA:4,1
DA:6,1
DA:8,1
DA:9,0
DA:10,0
DA:11,0
DA:14,0
DA:15,0
DA:16,0
DA:19,0
DA:20,0
DA:41,0
DA:45,1
LF:15
LH:6
BRDA:14,1,0,0
BRDA:14,1,1,0
BRF:2
BRH:0
end_of_record
TN:
SF:/home/travis/build/zccz14/light/routes/problem_list.js
FNF:0
FNH:0
DA:10,1
DA:12,1
DA:13,1
DA:15,1
DA:17,1
DA:19,1
DA:20,1
DA:22,1
LF:8
LH:8
BRF:0
BRH:0
end_of_record
TN:
SF:/home/travis/build/zccz14/light/lib/problem_list_create.js
FN:36,ProblemListCreate
FN:37,(anonymous_2)
FNF:2
FNH:0
FNDA:0,ProblemListCreate
FNDA:0,(anonymous_2)
DA:10,1
DA:12,1
DA:14,1
DA:36,1
DA:37,0
DA:38,0
DA:39,0
DA:40,0
DA:41,0
DA:42,0
DA:43,0
DA:44,0
DA:45,0
DA:46,0
DA:48,0
DA:49,0
DA:51,0
DA:52,0
DA:55,0
DA:56,0
DA:57,0
DA:61,1
LF:22
LH:5
BRDA:42,1,0,0
BRDA:42,1,1,0
BRDA:44,2,0,0
BRDA:44,2,1,0
BRDA:48,3,0,0
BRDA:48,3,1,0
BRDA:48,4,0,0
BRDA:48,4,1,0
BRF:8
BRH:0
end_of_record
TN:
SF:/home/travis/build/zccz14/light/lib/problem_list_retrieve.js
FN:41,ProblemListRetrieve
FN:42,(anonymous_2)
FNF:2
FNH:0
FNDA:0,ProblemListRetrieve
FNDA:0,(anonymous_2)
DA:9,1
DA:10,1
DA:11,1
DA:13,1
DA:15,1
DA:41,1
DA:42,0
DA:43,0
DA:44,0
DA:45,0
DA:46,0
DA:47,0
DA:48,0
DA:54,0
DA:55,0
DA:56,0
DA:58,0
DA:60,0
DA:61,0
DA:65,1
LF:20
LH:7
BRDA:54,1,0,0
BRDA:54,1,1,0
BRF:2
BRH:0
end_of_record
TN:
SF:/home/travis/build/zccz14/light/lib/problem_list_detail.js
FN:40,ProblemListDetail
FN:41,(anonymous_2)
FNF:2
FNH:0
FNDA:0,ProblemListDetail
FNDA:0,(anonymous_2)
DA:10,1
DA:11,1
DA:12,1
DA:14,1
DA:16,1
DA:40,1
DA:41,0
DA:42,0
DA:43,0
DA:44,0
DA:45,0
DA:46,0
DA:48,0
DA:50,0
DA:53,0
DA:57,1
LF:16
LH:7
BRDA:44,1,0,0
BRDA:44,1,1,0
BRDA:44,2,0,0
BRDA:44,2,1,0
BRF:4
BRH:0
end_of_record
TN:
SF:/home/travis/build/zccz14/light/lib/problem_list_problem_create.js
FN:37,ProblemListProblemCreate
FN:38,(anonymous_2)
FNF:2
FNH:0
FNDA:0,ProblemListProblemCreate
FNDA:0,(anonymous_2)
DA:10,1
DA:12,1
DA:14,1
DA:37,1
DA:38,0
DA:39,0
DA:40,0
DA:41,0
DA:42,0
DA:43,0
DA:44,0
DA:45,0
DA:47,0
DA:48,0
DA:49,0
DA:50,0
DA:52,0
DA:53,0
DA:54,0
DA:56,0
DA:59,0
DA:63,1
LF:22
LH:5
BRDA:43,1,0,0
BRDA:43,1,1,0
BRDA:43,2,0,0
BRDA:43,2,1,0
BRDA:48,3,0,0
BRDA:48,3,1,0
BRDA:48,4,0,0
BRDA:48,4,1,0
BRDA:48,4,2,0
BRDA:52,5,0,0
BRDA:52,5,1,0
BRF:11
BRH:0
end_of_record
TN:
SF:/home/travis/build/zccz14/light/routes/problem.js
FNF:0
FNH:0
DA:10,1
DA:12,1
DA:14,1
DA:16,1
DA:18,1
DA:20,1
DA:22,1
DA:24,1
LF:8
LH:8
BRF:0
BRH:0
end_of_record
TN:
SF:/home/travis/build/zccz14/light/lib/problem_create.js
FN:35,ProblemCreate
FN:36,(anonymous_2)
FNF:2
FNH:0
FNDA:0,ProblemCreate
FNDA:0,(anonymous_2)
DA:9,1
DA:11,1
DA:13,1
DA:35,1
DA:36,0
DA:37,0
DA:38,0
DA:39,0
DA:40,0
DA:41,0
DA:46,0
DA:47,0
DA:51,1
LF:13
LH:5
BRF:0
BRH:0
end_of_record
TN:
SF:/home/travis/build/zccz14/light/lib/problem_retrieve.js
FN:39,ProblemRetrieve
FN:40,(anonymous_2)
FNF:2
FNH:0
FNDA:0,ProblemRetrieve
FNDA:0,(anonymous_2)
DA:9,1
DA:11,1
DA:12,1
DA:14,1
DA:39,1
DA:40,0
DA:41,0
DA:42,0
DA:43,0
DA:44,0
DA:45,0
DA:47,0
DA:51,0
DA:55,1
LF:14
LH:6
BRF:0
BRH:0
end_of_record
TN:
SF:/home/travis/build/zccz14/light/lib/problem_update.js
FN:38,ProblemUpdate
FN:39,(anonymous_2)
FNF:2
FNH:0
FNDA:0,ProblemUpdate
FNDA:0,(anonymous_2)
DA:8,1
DA:10,1
DA:12,1
DA:38,1
DA:39,0
DA:40,0
DA:41,0
DA:42,0
DA:43,0
DA:44,0
DA:45,0
DA:46,0
DA:48,0
DA:49,0
DA:50,0
DA:54,1
LF:16
LH:5
BRDA:44,1,0,0
BRDA:44,1,1,0
BRDA:44,2,0,0
BRDA:44,2,1,0
BRF:4
BRH:0
end_of_record
TN:
SF:/home/travis/build/zccz14/light/lib/problem_delete.js
FN:35,ProblemDelete
FN:36,(anonymous_2)
FNF:2
FNH:0
FNDA:0,ProblemDelete
FNDA:0,(anonymous_2)
DA:9,1
DA:11,1
DA:13,1
DA:35,1
DA:36,0
DA:37,0
DA:38,0
DA:39,0
DA:40,0
DA:41,0
DA:42,0
DA:44,0
DA:45,0
DA:49,1
LF:14
LH:5
BRDA:40,1,0,0
BRDA:40,1,1,0
BRDA:40,2,0,0
BRDA:40,2,1,0
BRF:4
BRH:0
end_of_record
TN:
SF:/home/travis/build/zccz14/light/lib/problem_detail.js
FN:38,ProblemDetail
FN:39,(anonymous_2)
FNF:2
FNH:0
FNDA:0,ProblemDetail
FNDA:0,(anonymous_2)
DA:10,1
DA:12,1
DA:14,1
DA:38,1
DA:39,0
DA:40,0
DA:41,0
DA:42,0
DA:43,0
DA:44,0
DA:45,0
DA:47,0
DA:51,1
LF:13
LH:5
BRDA:43,1,0,0
BRDA:43,1,1,0
BRDA:43,2,0,0
BRDA:43,2,1,0
BRF:4
BRH:0
end_of_record
TN:
SF:/home/travis/build/zccz14/light/routes/submission.js
FNF:0
FNH:0
DA:10,1
DA:12,1
DA:13,1
DA:15,1
DA:17,1
DA:18,1
DA:20,1
DA:21,1
DA:23,1
LF:9
LH:9
BRF:0
BRH:0
end_of_record
TN:
SF:/home/travis/build/zccz14/light/lib/submission_create.js
FN:48,SubmissionCreate
FN:49,(anonymous_2)
FNF:2
FNH:0
FNDA:0,SubmissionCreate
FNDA:0,(anonymous_2)
DA:11,1
DA:12,1
DA:14,1
DA:16,1
DA:48,1
DA:49,0
DA:50,0
DA:52,0
DA:53,0
DA:55,0
DA:57,0
DA:60,0
DA:61,0
DA:64,0
DA:65,0
DA:66,0
DA:69,0
DA:70,0
DA:71,0
DA:73,0
DA:74,0
DA:75,0
DA:78,0
DA:86,0
DA:88,0
DA:94,0
DA:95,0
DA:97,0
DA:99,0
DA:103,1
LF:30
LH:6
BRDA:57,1,0,0
BRDA:57,1,1,0
BRDA:57,2,0,0
BRDA:57,2,1,0
BRDA:64,3,0,0
BRDA:64,3,1,0
BRDA:69,4,0,0
BRDA:69,4,1,0
BRDA:74,5,0,0
BRDA:74,5,1,0
BRDA:94,6,0,0
BRDA:94,6,1,0
BRF:12
BRH:0
end_of_record
TN:
SF:/home/travis/build/zccz14/light/lib/submission_retrieve.js
FN:41,SubmissionRetrieve
FN:42,(anonymous_2)
FNF:2
FNH:0
FNDA:0,SubmissionRetrieve
FNDA:0,(anonymous_2)
DA:11,1
DA:12,1
DA:14,1
DA:16,1
DA:41,1
DA:42,0
DA:43,0
DA:44,0
DA:45,0
DA:46,0
DA:48,0
DA:49,0
DA:50,0
DA:51,0
DA:52,0
DA:56,1
LF:16
LH:6
BRDA:45,1,0,0
BRDA:45,1,1,0
BRF:2
BRH:0
end_of_record
TN:
SF:/home/travis/build/zccz14/light/lib/submission_detail.js
FN:37,SubmissionDetail
FN:38,(anonymous_2)
FNF:2
FNH:0
FNDA:0,SubmissionDetail
FNDA:0,(anonymous_2)
DA:10,1
DA:12,1
DA:14,1
DA:37,1
DA:38,0
DA:39,0
DA:40,0
DA:41,0
DA:42,0
DA:43,0
DA:44,0
DA:46,0
DA:47,0
DA:48,0
DA:50,0
DA:54,1
LF:16
LH:5
BRDA:42,1,0,0
BRDA:42,1,1,0
BRDA:46,2,0,0
BRDA:46,2,1,0
BRDA:46,3,0,0
BRDA:46,3,1,0
BRF:6
BRH:0
end_of_record
TN:
SF:/home/travis/build/zccz14/light/lib/submission_sentence_update.js
FN:38,SubmissionSentenceUpdate
FN:39,(anonymous_2)
FNF:2
FNH:0
FNDA:0,SubmissionSentenceUpdate
FNDA:0,(anonymous_2)
DA:10,1
DA:12,1
DA:14,1
DA:38,1
DA:39,0
DA:40,0
DA:41,0
DA:42,0
DA:43,0
DA:44,0
DA:45,0
DA:46,0
DA:48,0
DA:49,0
DA:50,0
DA:54,1
LF:16
LH:5
BRDA:44,1,0,0
BRDA:44,1,1,0
BRF:2
BRH:0
end_of_record
